0 info it worked if it ends with ok
1 verbose cli [ 'C:\\Program Files (x86)\\nodejs\\node.exe',
1 verbose cli   'C:\\Program Files (x86)\\nodejs\\node_modules\\npm\\bin\\npm-cli.js',
1 verbose cli   'install',
1 verbose cli   'ejs',
1 verbose cli   '--save' ]
2 info using npm@3.10.9
3 info using node@v6.9.2
4 silly loadCurrentTree Starting
5 silly install loadCurrentTree
6 silly install readLocalPackageData
7 silly fetchPackageMetaData ejs
8 silly fetchNamedPackageData ejs
9 silly mapToRegistry name ejs
10 silly mapToRegistry using default registry
11 silly mapToRegistry registry https://registry.npmjs.org/
12 silly mapToRegistry data Result {
12 silly mapToRegistry   raw: 'ejs',
12 silly mapToRegistry   scope: null,
12 silly mapToRegistry   escapedName: 'ejs',
12 silly mapToRegistry   name: 'ejs',
12 silly mapToRegistry   rawSpec: '',
12 silly mapToRegistry   spec: 'latest',
12 silly mapToRegistry   type: 'tag' }
13 silly mapToRegistry uri https://registry.npmjs.org/ejs
14 verbose request uri https://registry.npmjs.org/ejs
15 verbose request no auth needed
16 info attempt registry request try #1 at 23:01:33
17 verbose request id 7a7cf00165de8c2d
18 verbose etag W/"584a6b42-100e7"
19 verbose lastModified Fri, 09 Dec 2016 08:28:50 GMT
20 http request GET https://registry.npmjs.org/ejs
21 http 304 https://registry.npmjs.org/ejs
22 verbose headers { date: 'Sun, 11 Dec 2016 14:01:37 GMT',
22 verbose headers   via: '1.1 varnish',
22 verbose headers   'cache-control': 'max-age=300',
22 verbose headers   etag: 'W/"584a6b42-100e7"',
22 verbose headers   age: '162',
22 verbose headers   connection: 'keep-alive',
22 verbose headers   'x-served-by': 'cache-hkg6820-HKG',
22 verbose headers   'x-cache': 'HIT',
22 verbose headers   'x-cache-hits': '2',
22 verbose headers   'x-timer': 'S1481464897.019389,VS0,VE0',
22 verbose headers   vary: 'Accept-Encoding' }
23 silly get cb [ 304,
23 silly get   { date: 'Sun, 11 Dec 2016 14:01:37 GMT',
23 silly get     via: '1.1 varnish',
23 silly get     'cache-control': 'max-age=300',
23 silly get     etag: 'W/"584a6b42-100e7"',
23 silly get     age: '162',
23 silly get     connection: 'keep-alive',
23 silly get     'x-served-by': 'cache-hkg6820-HKG',
23 silly get     'x-cache': 'HIT',
23 silly get     'x-cache-hits': '2',
23 silly get     'x-timer': 'S1481464897.019389,VS0,VE0',
23 silly get     vary: 'Accept-Encoding' } ]
24 verbose etag https://registry.npmjs.org/ejs from cache
25 verbose get saving ejs to C:\Users\Ryan Park\AppData\Roaming\npm-cache\registry.npmjs.org\ejs\.cache.json
26 verbose correctMkdir C:\Users\Ryan Park\AppData\Roaming\npm-cache correctMkdir not in flight; initializing
27 silly install normalizeTree
28 silly loadCurrentTree Finishing
29 silly loadIdealTree Starting
30 silly install loadIdealTree
31 silly cloneCurrentTree Starting
32 silly install cloneCurrentTreeToIdealTree
33 silly cloneCurrentTree Finishing
34 silly loadShrinkwrap Starting
35 silly install loadShrinkwrap
36 silly loadShrinkwrap Finishing
37 silly loadAllDepsIntoIdealTree Starting
38 silly install loadAllDepsIntoIdealTree
39 silly rollbackFailedOptional Starting
40 silly rollbackFailedOptional Finishing
41 silly runTopLevelLifecycles Finishing
42 silly install printInstalled
43 verbose stack Error: Refusing to install ejs as a dependency of itself
43 verbose stack     at checkSelf (C:\Program Files (x86)\nodejs\node_modules\npm\lib\install\validate-args.js:53:14)
43 verbose stack     at Array.<anonymous> (C:\Program Files (x86)\nodejs\node_modules\npm\node_modules\slide\lib\bind-actor.js:15:8)
43 verbose stack     at LOOP (C:\Program Files (x86)\nodejs\node_modules\npm\node_modules\slide\lib\chain.js:15:14)
43 verbose stack     at chain (C:\Program Files (x86)\nodejs\node_modules\npm\node_modules\slide\lib\chain.js:20:5)
43 verbose stack     at C:\Program Files (x86)\nodejs\node_modules\npm\lib\install\validate-args.js:16:5
43 verbose stack     at C:\Program Files (x86)\nodejs\node_modules\npm\node_modules\slide\lib\async-map.js:52:35
43 verbose stack     at Array.forEach (native)
43 verbose stack     at C:\Program Files (x86)\nodejs\node_modules\npm\node_modules\slide\lib\async-map.js:52:11
43 verbose stack     at Array.forEach (native)
43 verbose stack     at asyncMap (C:\Program Files (x86)\nodejs\node_modules\npm\node_modules\slide\lib\async-map.js:51:8)
44 verbose cwd F:\EJS
45 error Windows_NT 10.0.14393
46 error argv "C:\\Program Files (x86)\\nodejs\\node.exe" "C:\\Program Files (x86)\\nodejs\\node_modules\\npm\\bin\\npm-cli.js" "install" "ejs" "--save"
47 error node v6.9.2
48 error npm  v3.10.9
49 error code ENOSELF
50 error Refusing to install ejs as a dependency of itself
51 error If you need help, you may report this error at:
51 error     <https://github.com/npm/npm/issues>
52 verbose exit [ 1, true ]
